<?xml version="1.0" encoding="UTF-8"?>
<!-- Generated by org.testng.reporters.JUnitReportReporter -->
<testsuite hostname="hp-PC" failures="0" tests="1" name="com.skava.utls.Driver" time="8.725" errors="0" timestamp="2020-01-26T18:40:46 IST" skipped="0">
  <testcase classname="com.skava.utls.Driver" name="start" time="8.725"/>
</testsuite> <!-- com.skava.utls.Driver -->
